Using pre-set license
Built from '2021.3/staging' branch; Version is '2021.3.16f1 (4016570cf34f) revision 4200023'; Using compiler version '192829333'; Build Type 'Release'
OS: 'Windows 11  (10.0.22621) 64bit Professional' Language: 'ko' Physical Memory: 32699 MB
BatchMode: 1, IsHumanControllingUs: 0, StartBugReporterOnCrash: 0, Is64bit: 1, IsPro: 1

COMMAND LINE ARGUMENTS:
C:\Program Files\Unity\Hub\Editor\2021.3.16f1\Editor\Unity.exe
-adb2
-batchMode
-noUpm
-name
AssetImportWorker1
-projectPath
D:/UnityProjects/PjRush
-logFile
Logs/AssetImportWorker1.log
-srvPort
54827
Successfully changed project path to: D:/UnityProjects/PjRush
D:/UnityProjects/PjRush
[UnityMemory] Configuration Parameters - Can be set up in boot.config
    "memorysetup-bucket-allocator-granularity=16"
    "memorysetup-bucket-allocator-bucket-count=8"
    "memorysetup-bucket-allocator-block-size=33554432"
    "memorysetup-bucket-allocator-block-count=8"
    "memorysetup-main-allocator-block-size=16777216"
    "memorysetup-thread-allocator-block-size=16777216"
    "memorysetup-gfx-main-allocator-block-size=16777216"
    "memorysetup-gfx-thread-allocator-block-size=16777216"
    "memorysetup-cache-allocator-block-size=4194304"
    "memorysetup-typetree-allocator-block-size=2097152"
    "memorysetup-profiler-bucket-allocator-granularity=16"
    "memorysetup-profiler-bucket-allocator-bucket-count=8"
    "memorysetup-profiler-bucket-allocator-block-size=33554432"
    "memorysetup-profiler-bucket-allocator-block-count=8"
    "memorysetup-profiler-allocator-block-size=16777216"
    "memorysetup-profiler-editor-allocator-block-size=1048576"
    "memorysetup-temp-allocator-size-main=16777216"
    "memorysetup-job-temp-allocator-block-size=2097152"
    "memorysetup-job-temp-allocator-block-size-background=1048576"
    "memorysetup-job-temp-allocator-reduction-small-platforms=262144"
    "memorysetup-temp-allocator-size-background-worker=32768"
    "memorysetup-temp-allocator-size-job-worker=262144"
    "memorysetup-temp-allocator-size-preload-manager=33554432"
    "memorysetup-temp-allocator-size-nav-mesh-worker=65536"
    "memorysetup-temp-allocator-size-audio-worker=65536"
    "memorysetup-temp-allocator-size-cloud-worker=32768"
    "memorysetup-temp-allocator-size-gi-baking-worker=262144"
    "memorysetup-temp-allocator-size-gfx=262144"
Player connection [28240] Host "[IP] 192.168.219.100 [Port] 0 [Flags] 2 [Guid] 474028386 [EditorId] 474028386 [Version] 1048832 [Id] WindowsEditor(7,DESKTOP-SSeries) [Debug] 1 [PackageName] WindowsEditor [ProjectName] Editor" joined multi-casting on [225.0.0.222:54997]...

Player connection [28240] Host "[IP] 192.168.219.100 [Port] 0 [Flags] 2 [Guid] 474028386 [EditorId] 474028386 [Version] 1048832 [Id] WindowsEditor(7,DESKTOP-SSeries) [Debug] 1 [PackageName] WindowsEditor [ProjectName] Editor" joined alternative multi-casting on [225.0.0.222:34997]...

Refreshing native plugins compatible for Editor in 66.76 ms, found 2 plugins.
Preloading 0 native plugins for Editor in 0.00 ms.
Initialize engine version: 2021.3.16f1 (4016570cf34f)
[Subsystems] Discovering subsystems at path C:/Program Files/Unity/Hub/Editor/2021.3.16f1/Editor/Data/Resources/UnitySubsystems
[Subsystems] Discovering subsystems at path D:/UnityProjects/PjRush/Assets
GfxDevice: creating device client; threaded=0; jobified=0
Direct3D:
    Version:  Direct3D 11.0 [level 11.1]
    Renderer: NVIDIA GeForce GTX 1660 (ID=0x2184)
    Vendor:   NVIDIA
    VRAM:     5980 MB
    Driver:   31.0.15.2802
Initialize mono
Mono path[0] = 'C:/Program Files/Unity/Hub/Editor/2021.3.16f1/Editor/Data/Managed'
Mono path[1] = 'C:/Program Files/Unity/Hub/Editor/2021.3.16f1/Editor/Data/MonoBleedingEdge/lib/mono/unityjit-win32'
Mono config path = 'C:/Program Files/Unity/Hub/Editor/2021.3.16f1/Editor/Data/MonoBleedingEdge/etc'
Using monoOptions --debugger-agent=transport=dt_socket,embedding=1,server=y,suspend=n,address=127.0.0.1:56952
Begin MonoManager ReloadAssembly
Registering precompiled unity dll's ...
Register platform support module: C:/Program Files/Unity/Hub/Editor/2021.3.16f1/Editor/Data/PlaybackEngines/WindowsStandaloneSupport/UnityEditor.WindowsStandalone.Extensions.dll
Registered in 0.009676 seconds.
Native extension for WindowsStandalone target not found
Refreshing native plugins compatible for Editor in 65.18 ms, found 2 plugins.
Preloading 0 native plugins for Editor in 0.00 ms.
Mono: successfully reloaded assembly
- Completed reload, in  0.836 seconds
Domain Reload Profiling:
	ReloadAssembly (836ms)
		BeginReloadAssembly (86ms)
			ExecutionOrderSort (0ms)
			DisableScriptedObjects (0ms)
			BackupInstance (0ms)
			ReleaseScriptingObjects (0ms)
			CreateAndSetChildDomain (1ms)
		EndReloadAssembly (626ms)
			LoadAssemblies (84ms)
			RebuildTransferFunctionScriptingTraits (0ms)
			SetupTypeCache (153ms)
			ReleaseScriptCaches (0ms)
			RebuildScriptCaches (33ms)
			SetupLoadedEditorAssemblies (386ms)
				LogAssemblyErrors (0ms)
				InitializePlatformSupportModulesInManaged (7ms)
				SetLoadedEditorAssemblies (0ms)
				RefreshPlugins (65ms)
				BeforeProcessingInitializeOnLoad (1ms)
				ProcessInitializeOnLoadAttributes (132ms)
				ProcessInitializeOnLoadMethodAttributes (179ms)
				AfterProcessingInitializeOnLoad (0ms)
				EditorAssembliesLoaded (0ms)
			ExecutionOrderSort2 (0ms)
			AwakeInstancesAfterBackupRestoration (0ms)
Platform modules already initialized, skipping
Registering precompiled user dll's ...
Registered in 0.003884 seconds.
Begin MonoManager ReloadAssembly
Native extension for WindowsStandalone target not found
Refreshing native plugins compatible for Editor in 70.18 ms, found 2 plugins.
Preloading 0 native plugins for Editor in 0.00 ms.
Mono: successfully reloaded assembly
- Completed reload, in  1.521 seconds
Domain Reload Profiling:
	ReloadAssembly (1522ms)
		BeginReloadAssembly (137ms)
			ExecutionOrderSort (0ms)
			DisableScriptedObjects (6ms)
			BackupInstance (0ms)
			ReleaseScriptingObjects (0ms)
			CreateAndSetChildDomain (27ms)
		EndReloadAssembly (1253ms)
			LoadAssemblies (104ms)
			RebuildTransferFunctionScriptingTraits (0ms)
			SetupTypeCache (315ms)
			ReleaseScriptCaches (1ms)
			RebuildScriptCaches (66ms)
			SetupLoadedEditorAssemblies (600ms)
				LogAssemblyErrors (0ms)
				InitializePlatformSupportModulesInManaged (4ms)
				SetLoadedEditorAssemblies (0ms)
				RefreshPlugins (70ms)
				BeforeProcessingInitializeOnLoad (76ms)
				ProcessInitializeOnLoadAttributes (266ms)
				ProcessInitializeOnLoadMethodAttributes (165ms)
				AfterProcessingInitializeOnLoad (18ms)
				EditorAssembliesLoaded (0ms)
			ExecutionOrderSort2 (0ms)
			AwakeInstancesAfterBackupRestoration (108ms)
Platform modules already initialized, skipping
========================================================================
Worker process is ready to serve import requests
Launched and connected shader compiler UnityShaderCompiler.exe after 0.05 seconds
Refreshing native plugins compatible for Editor in 1.76 ms, found 2 plugins.
Preloading 0 native plugins for Editor in 0.00 ms.
Unloading 3572 Unused Serialized files (Serialized files now loaded: 0)
Unloading 29 unused Assets / (0.9 MB). Loaded Objects now: 4031.
Memory consumption went from 168.4 MB to 167.5 MB.
Total: 8.711000 ms (FindLiveObjects: 0.630200 ms CreateObjectMapping: 0.482100 ms MarkObjects: 6.673800 ms  DeleteObjects: 0.922500 ms)

AssetImportParameters requested are different than current active one (requested -> active):
  custom:video-decoder-ogg-theora: a1e56fd34408186e4bbccfd4996cb3dc -> 
  custom:container-muxer-webm: aa71ff27fc2769a1b78a27578f13a17b -> 
  custom:container-demuxer-webm: 4f35f7cbe854078d1ac9338744f61a02 -> 
  custom:video-encoder-webm-vp8: eb34c28f22e8b96e1ab97ce403110664 -> 
  custom:audio-encoder-webm-vorbis: bf7c407c2cedff20999df2af8eb42d56 -> 
  custom:framework-win-MediaFoundation: 216162199b28c13a410421893ffa2e32 -> 
  custom:container-demuxer-ogg: 62fdf1f143b41e24485cea50d1cbac27 -> 
  custom:video-decoder-webm-vp8: 9c59270c3fd7afecdb556c50c9e8de78 -> 
  custom:audio-decoder-ogg-vorbis: bf7c407c2cedff20999df2af8eb42d56 -> 
========================================================================
Received Import Request.
  Time since last request: 623054.987983 seconds.
  path: Assets/Plugins/BitmapFontImporter/Examples/Font2/font2.fontsettings
  artifactKey: Guid(a84c815566f58454a9221b11efe70086) Importer(815301076,1909f56bfc062723c751e8b465ee728b)
Start importing Assets/Plugins/BitmapFontImporter/Examples/Font2/font2.fontsettings using Guid(a84c815566f58454a9221b11efe70086) Importer(815301076,1909f56bfc062723c751e8b465ee728b) CreateSerializedAsset is not supported while importing out-of-process
UnityEngine.StackTraceUtility:ExtractStackTrace ()
UnityEngine.Rendering.Universal.UniversalRenderPipelineGlobalSettings:Create (string,UnityEngine.Rendering.Universal.UniversalRenderPipelineGlobalSettings) (at Library/PackageCache/com.unity.render-pipelines.universal@12.1.8/Runtime/UniversalRenderPipelineGlobalSettings.cs:145)
UnityEngine.Rendering.Universal.UniversalRenderPipelineGlobalSettings:Ensure (string,bool) (at Library/PackageCache/com.unity.render-pipelines.universal@12.1.8/Runtime/UniversalRenderPipelineGlobalSettings.cs:116)
UnityEngine.Rendering.Universal.UniversalRenderPipeline:.ctor (UnityEngine.Rendering.Universal.UniversalRenderPipelineAsset) (at Library/PackageCache/com.unity.render-pipelines.universal@12.1.8/Runtime/UniversalRenderPipeline.cs:159)
UnityEngine.Rendering.Universal.UniversalRenderPipelineAsset:CreatePipeline () (at Library/PackageCache/com.unity.render-pipelines.universal@12.1.8/Runtime/Data/UniversalRenderPipelineAsset.cs:477)
UnityEngine.Rendering.RenderPipelineAsset:InternalCreatePipeline ()
UnityEngine.Rendering.RenderPipelineManager:PrepareRenderPipeline (UnityEngine.Rendering.RenderPipelineAsset)
UnityEngine.Rendering.RenderPipelineManager:DoRenderLoop_Internal (UnityEngine.Rendering.RenderPipelineAsset,intptr,System.Collections.Generic.List`1<UnityEngine.Camera/RenderRequest>,Unity.Collections.LowLevel.Unsafe.AtomicSafetyHandle)
UnityEditor.PreviewRenderUtility:Render (bool,bool)
UnityEditor.MaterialEditor:DoRenderPreview (UnityEditor.PreviewRenderUtility,bool)
UnityEditor.MaterialEditor:RenderStaticPreview (string,UnityEngine.Object[],int,int)
UnityEditor.AssetPreviewUpdater:CreatePreview (UnityEngine.Object,UnityEngine.Object[],string,int,int)
UnityEditor.AssetPreviewUpdater:CreatePreviewForAsset (UnityEngine.Object,UnityEngine.Object[],string)

[Library/PackageCache/com.unity.render-pipelines.universal@12.1.8/Runtime/UniversalRenderPipelineGlobalSettings.cs line 145]

UnityException: Creating asset at path Assets//UniversalRenderPipelineGlobalSettings.asset failed.
  at (wrapper managed-to-native) UnityEditor.AssetDatabase.CreateAsset(UnityEngine.Object,string)
  at UnityEngine.Rendering.Universal.UniversalRenderPipelineGlobalSettings.Create (System.String path, UnityEngine.Rendering.Universal.UniversalRenderPipelineGlobalSettings src) [0x0002d] in D:\UnityProjects\PjRush\Library\PackageCache\com.unity.render-pipelines.universal@12.1.8\Runtime\UniversalRenderPipelineGlobalSettings.cs:145 
  at UnityEngine.Rendering.Universal.UniversalRenderPipelineGlobalSettings.Ensure (System.String folderPath, System.Boolean canCreateNewAsset) [0x00096] in D:\UnityProjects\PjRush\Library\PackageCache\com.unity.render-pipelines.universal@12.1.8\Runtime\UniversalRenderPipelineGlobalSettings.cs:116 
  at UnityEngine.Rendering.Universal.UniversalRenderPipeline..ctor (UnityEngine.Rendering.Universal.UniversalRenderPipelineAsset asset) [0x0003d] in D:\UnityProjects\PjRush\Library\PackageCache\com.unity.render-pipelines.universal@12.1.8\Runtime\UniversalRenderPipeline.cs:159 
  at UnityEngine.Rendering.Universal.UniversalRenderPipelineAsset.CreatePipeline () [0x00080] in D:\UnityProjects\PjRush\Library\PackageCache\com.unity.render-pipelines.universal@12.1.8\Runtime\Data\UniversalRenderPipelineAsset.cs:477 
  at UnityEngine.Rendering.RenderPipelineAsset.InternalCreatePipeline () [0x00004] in <4746c126b0b54f3b834845974d1a9190>:0 
UnityEngine.DebugLogHandler:Internal_LogException(Exception, Object)
UnityEngine.DebugLogHandler:LogException(Exception, Object)
UnityEngine.Logger:LogException(Exception, Object)
UnityEngine.Debug:LogException(Exception)
UnityEngine.Rendering.RenderPipelineAsset:InternalCreatePipeline()
UnityEngine.Rendering.RenderPipelineManager:PrepareRenderPipeline(RenderPipelineAsset)
UnityEngine.Rendering.RenderPipelineManager:DoRenderLoop_Internal(RenderPipelineAsset, IntPtr, List`1, AtomicSafetyHandle)
UnityEngine.Camera:Render(Camera)
UnityEditor.PreviewRenderUtility:Render(Boolean, Boolean)
UnityEditor.MaterialEditor:DoRenderPreview(PreviewRenderUtility, Boolean)
UnityEditor.MaterialEditor:RenderStaticPreview(String, Object[], Int32, Int32)
UnityEditor.AssetPreviewUpdater:CreatePreview(Object, Object[], String, Int32, Int32)
UnityEditor.AssetPreviewUpdater:CreatePreviewForAsset(Object, Object[], String)

(Filename: Library/PackageCache/com.unity.render-pipelines.universal@12.1.8/Runtime/UniversalRenderPipelineGlobalSettings.cs Line: 145)

 -> (artifact id: '4954f411c617bad8e603c8964a1ed479') in 0.263455 seconds 
========================================================================
Received Import Request.
  Time since last request: 7.513941 seconds.
  path: Assets/Line1.prefab
  artifactKey: Guid(6a7f8ee5c3bf8514ab7a3ed7c93cab5b) Importer(815301076,1909f56bfc062723c751e8b465ee728b)
Start importing Assets/Line1.prefab using Guid(6a7f8ee5c3bf8514ab7a3ed7c93cab5b) Importer(815301076,1909f56bfc062723c751e8b465ee728b) CreateSerializedAsset is not supported while importing out-of-process
UnityEngine.StackTraceUtility:ExtractStackTrace ()
UnityEngine.Rendering.Universal.UniversalRenderPipelineGlobalSettings:Create (string,UnityEngine.Rendering.Universal.UniversalRenderPipelineGlobalSettings) (at Library/PackageCache/com.unity.render-pipelines.universal@12.1.8/Runtime/UniversalRenderPipelineGlobalSettings.cs:145)
UnityEngine.Rendering.Universal.UniversalRenderPipelineGlobalSettings:Ensure (string,bool) (at Library/PackageCache/com.unity.render-pipelines.universal@12.1.8/Runtime/UniversalRenderPipelineGlobalSettings.cs:116)
UnityEngine.Rendering.Universal.UniversalRenderPipeline:.ctor (UnityEngine.Rendering.Universal.UniversalRenderPipelineAsset) (at Library/PackageCache/com.unity.render-pipelines.universal@12.1.8/Runtime/UniversalRenderPipeline.cs:159)
UnityEngine.Rendering.Universal.UniversalRenderPipelineAsset:CreatePipeline () (at Library/PackageCache/com.unity.render-pipelines.universal@12.1.8/Runtime/Data/UniversalRenderPipelineAsset.cs:477)
UnityEngine.Rendering.RenderPipelineAsset:InternalCreatePipeline ()
UnityEngine.Rendering.RenderPipelineManager:PrepareRenderPipeline (UnityEngine.Rendering.RenderPipelineAsset)
UnityEngine.Rendering.RenderPipelineManager:DoRenderLoop_Internal (UnityEngine.Rendering.RenderPipelineAsset,intptr,System.Collections.Generic.List`1<UnityEngine.Camera/RenderRequest>,Unity.Collections.LowLevel.Unsafe.AtomicSafetyHandle)
UnityEditor.PreviewRenderUtility:Render (bool,bool)
UnityEditor.GameObjectInspector:DoRenderPreview ()
UnityEditor.GameObjectInspector:RenderStaticPreview (string,UnityEngine.Object[],int,int)
UnityEditor.AssetPreviewUpdater:CreatePreview (UnityEngine.Object,UnityEngine.Object[],string,int,int)
UnityEditor.AssetPreviewUpdater:CreatePreviewForAsset (UnityEngine.Object,UnityEngine.Object[],string)

[Library/PackageCache/com.unity.render-pipelines.universal@12.1.8/Runtime/UniversalRenderPipelineGlobalSettings.cs line 145]

UnityException: Creating asset at path Assets//UniversalRenderPipelineGlobalSettings.asset failed.
  at (wrapper managed-to-native) UnityEditor.AssetDatabase.CreateAsset(UnityEngine.Object,string)
  at UnityEngine.Rendering.Universal.UniversalRenderPipelineGlobalSettings.Create (System.String path, UnityEngine.Rendering.Universal.UniversalRenderPipelineGlobalSettings src) [0x0002d] in D:\UnityProjects\PjRush\Library\PackageCache\com.unity.render-pipelines.universal@12.1.8\Runtime\UniversalRenderPipelineGlobalSettings.cs:145 
  at UnityEngine.Rendering.Universal.UniversalRenderPipelineGlobalSettings.Ensure (System.String folderPath, System.Boolean canCreateNewAsset) [0x00096] in D:\UnityProjects\PjRush\Library\PackageCache\com.unity.render-pipelines.universal@12.1.8\Runtime\UniversalRenderPipelineGlobalSettings.cs:116 
  at UnityEngine.Rendering.Universal.UniversalRenderPipeline..ctor (UnityEngine.Rendering.Universal.UniversalRenderPipelineAsset asset) [0x0003d] in D:\UnityProjects\PjRush\Library\PackageCache\com.unity.render-pipelines.universal@12.1.8\Runtime\UniversalRenderPipeline.cs:159 
  at UnityEngine.Rendering.Universal.UniversalRenderPipelineAsset.CreatePipeline () [0x00080] in D:\UnityProjects\PjRush\Library\PackageCache\com.unity.render-pipelines.universal@12.1.8\Runtime\Data\UniversalRenderPipelineAsset.cs:477 
  at UnityEngine.Rendering.RenderPipelineAsset.InternalCreatePipeline () [0x00004] in <4746c126b0b54f3b834845974d1a9190>:0 
UnityEngine.DebugLogHandler:Internal_LogException(Exception, Object)
UnityEngine.DebugLogHandler:LogException(Exception, Object)
UnityEngine.Logger:LogException(Exception, Object)
UnityEngine.Debug:LogException(Exception)
UnityEngine.Rendering.RenderPipelineAsset:InternalCreatePipeline()
UnityEngine.Rendering.RenderPipelineManager:PrepareRenderPipeline(RenderPipelineAsset)
UnityEngine.Rendering.RenderPipelineManager:DoRenderLoop_Internal(RenderPipelineAsset, IntPtr, List`1, AtomicSafetyHandle)
UnityEngine.Camera:Render(Camera)
UnityEditor.PreviewRenderUtility:Render(Boolean, Boolean)
UnityEditor.GameObjectInspector:DoRenderPreview()
UnityEditor.GameObjectInspector:RenderStaticPreview(String, Object[], Int32, Int32)
UnityEditor.AssetPreviewUpdater:CreatePreview(Object, Object[], String, Int32, Int32)
UnityEditor.AssetPreviewUpdater:CreatePreviewForAsset(Object, Object[], String)

(Filename: Library/PackageCache/com.unity.render-pipelines.universal@12.1.8/Runtime/UniversalRenderPipelineGlobalSettings.cs Line: 145)

 -> (artifact id: '599d62a75d5f1009af63ffa9f9d58474') in 0.074089 seconds 
========================================================================
Received Prepare
Registering precompiled user dll's ...
Registered in 0.004210 seconds.
Begin MonoManager ReloadAssembly
Native extension for WindowsStandalone target not found
Refreshing native plugins compatible for Editor in 0.69 ms, found 2 plugins.
Preloading 0 native plugins for Editor in 0.00 ms.
Mono: successfully reloaded assembly
- Completed reload, in  1.621 seconds
Domain Reload Profiling:
	ReloadAssembly (1621ms)
		BeginReloadAssembly (168ms)
			ExecutionOrderSort (0ms)
			DisableScriptedObjects (7ms)
			BackupInstance (0ms)
			ReleaseScriptingObjects (0ms)
			CreateAndSetChildDomain (60ms)
		EndReloadAssembly (1351ms)
			LoadAssemblies (89ms)
			RebuildTransferFunctionScriptingTraits (0ms)
			SetupTypeCache (274ms)
			ReleaseScriptCaches (2ms)
			RebuildScriptCaches (82ms)
			SetupLoadedEditorAssemblies (745ms)
				LogAssemblyErrors (0ms)
				InitializePlatformSupportModulesInManaged (13ms)
				SetLoadedEditorAssemblies (1ms)
				RefreshPlugins (1ms)
				BeforeProcessingInitializeOnLoad (121ms)
				ProcessInitializeOnLoadAttributes (410ms)
				ProcessInitializeOnLoadMethodAttributes (191ms)
				AfterProcessingInitializeOnLoad (8ms)
				EditorAssembliesLoaded (0ms)
			ExecutionOrderSort2 (0ms)
			AwakeInstancesAfterBackupRestoration (84ms)
Platform modules already initialized, skipping
Refreshing native plugins compatible for Editor in 1.54 ms, found 2 plugins.
Preloading 0 native plugins for Editor in 0.00 ms.
Unloading 3431 Unused Serialized files (Serialized files now loaded: 0)
Unloading 22 unused Assets / (0.7 MB). Loaded Objects now: 4089.
Memory consumption went from 158.3 MB to 157.6 MB.
Total: 4.408500 ms (FindLiveObjects: 0.283500 ms CreateObjectMapping: 0.154800 ms MarkObjects: 3.660600 ms  DeleteObjects: 0.308600 ms)

AssetImportParameters requested are different than current active one (requested -> active):
  custom:video-decoder-ogg-theora: a1e56fd34408186e4bbccfd4996cb3dc -> 
  custom:container-muxer-webm: aa71ff27fc2769a1b78a27578f13a17b -> 
  custom:container-demuxer-webm: 4f35f7cbe854078d1ac9338744f61a02 -> 
  custom:video-encoder-webm-vp8: eb34c28f22e8b96e1ab97ce403110664 -> 
  custom:audio-encoder-webm-vorbis: bf7c407c2cedff20999df2af8eb42d56 -> 
  custom:framework-win-MediaFoundation: 216162199b28c13a410421893ffa2e32 -> 
  custom:container-demuxer-ogg: 62fdf1f143b41e24485cea50d1cbac27 -> 
  custom:video-decoder-webm-vp8: 9c59270c3fd7afecdb556c50c9e8de78 -> 
  custom:audio-decoder-ogg-vorbis: bf7c407c2cedff20999df2af8eb42d56 -> 
